[13:43:08] [main/INFO]: Loading Minecraft 1.21.1 with Fabric Loader 0.16.3
[13:43:09] [main/INFO]: Loading 4 mods:
	- fabricloader 0.16.3
	   \-- mixinextras 0.4.1
	- java 21
	- minecraft 1.21.1
[13:43:09] [main/INFO]: SpongePowered MIXIN Subsystem Version=0.8.7 Source=file:/workspaces/Cobbleverse/servidor_minecraft/libraries/net/fabricmc/sponge-mixin/0.15.2+mixin.0.8.7/sponge-mixin-0.15.2+mixin.0.8.7.jar Service=Knot/Fabric Env=SERVER
[13:43:14] [main/INFO]: Environment: Environment[sessionHost=https://sessionserver.mojang.com, servicesHost=https://api.minecraftservices.com, name=PROD]
[13:43:15] [main/INFO]: No existing world data, creating new world
[13:43:16] [main/INFO]: Loaded 1290 recipes
[13:43:16] [main/INFO]: Loaded 1399 advancements
[13:43:17] [Server thread/INFO]: Starting minecraft server version 1.21.1
[13:43:17] [Server thread/INFO]: Loading properties
[13:43:17] [Server thread/INFO]: Default game type: SURVIVAL
[13:43:17] [Server thread/INFO]: Generating keypair
[13:43:17] [Server thread/INFO]: Starting Minecraft server on *:25565
[13:43:17] [Server thread/INFO]: Using epoll channel type
[13:43:17] [Server thread/WARN]: **** SERVER IS RUNNING IN OFFLINE/INSECURE MODE!
[13:43:17] [Server thread/WARN]: The server will make no attempt to authenticate usernames. Beware.
[13:43:17] [Server thread/WARN]: While this makes the game possible to play without internet access, it also opens up the ability for hackers to connect with any username they choose.
[13:43:17] [Server thread/WARN]: To change this, set "online-mode" to "true" in the server.properties file.
[13:43:17] [Server thread/INFO]: Preparing level "world"
[13:43:24] [Server thread/INFO]: Preparing start region for dimension minecraft:overworld
[13:43:24] [Worker-Main-2/INFO]: Preparing spawn area: 2%
[13:43:25] [Worker-Main-2/INFO]: Preparing spawn area: 2%
[13:43:25] [Worker-Main-3/INFO]: Preparing spawn area: 2%
[13:43:26] [Worker-Main-1/INFO]: Preparing spawn area: 2%
[13:43:26] [Worker-Main-3/INFO]: Preparing spawn area: 18%
[13:43:27] [Worker-Main-2/INFO]: Preparing spawn area: 18%
[13:43:27] [Worker-Main-2/INFO]: Preparing spawn area: 18%
[13:43:28] [Worker-Main-2/INFO]: Preparing spawn area: 44%
[13:43:28] [Worker-Main-1/INFO]: Preparing spawn area: 51%
[13:43:29] [Worker-Main-1/INFO]: Preparing spawn area: 51%
[13:43:29] [Worker-Main-3/INFO]: Preparing spawn area: 51%
[13:43:29] [Server thread/INFO]: Time elapsed: 5226 ms
[13:43:29] [Server thread/INFO]: Done (12.286s)! For help, type "help"
[13:54:49] [Server thread/INFO]: Stopping the server
[13:54:49] [Server thread/INFO]: Stopping server
[13:54:49] [Server thread/INFO]: Saving players
[13:54:49] [Server thread/INFO]: Saving worlds
[13:54:50] [Server thread/INFO]: Saving chunks for level 'ServerLevel[world]'/minecraft:overworld
[13:54:51] [Server thread/INFO]: Saving chunks for level 'ServerLevel[world]'/minecraft:the_end
[13:54:51] [Server thread/INFO]: Saving chunks for level 'ServerLevel[world]'/minecraft:the_nether
[13:54:51] [Server thread/INFO]: ThreadedAnvilChunkStorage (world): All chunks are saved
[13:54:51] [Server thread/INFO]: ThreadedAnvilChunkStorage (DIM1): All chunks are saved
[13:54:51] [Server thread/INFO]: ThreadedAnvilChunkStorage (DIM-1): All chunks are saved
[13:54:51] [Server thread/INFO]: ThreadedAnvilChunkStorage: All dimensions are saved
